2020-04-09 09:54:40.187 INFO  [springAppName_IS_UNDEFINED,,,] [JexplorerApplication] - Starting JexplorerApplication on alex-PC with PID 7735 (/media/alex/_dde_data/develop/workspace/jtiance/jexplorer/target/classes started by alex in /media/alex/_dde_data/develop/workspace/jtiance/jexplorer) 
2020-04-09 09:54:40.194 DEBUG [springAppName_IS_UNDEFINED,,,] [JexplorerApplication] - Running with Spring Boot v2.2.6.RELEASE, Spring v5.2.5.RELEASE 
2020-04-09 09:54:40.195 INFO  [springAppName_IS_UNDEFINED,,,] [JexplorerApplication] - No active profile set, falling back to default profiles: default 
2020-04-09 09:54:40.245 DEBUG [springAppName_IS_UNDEFINED,,,] [AnnotationConfigApplicationContext] - Refreshing org.springframework.context.annotation.AnnotationConfigApplicationContext@39d9314d 
2020-04-09 09:54:40.357 DEBUG [springAppName_IS_UNDEFINED,,,] [ClassPathBeanDefinitionScanner] - Identified candidate component class: file [/media/alex/_dde_data/develop/workspace/jtiance/jexplorer/target/classes/com/tiance/jexplorer/UI.class] 
2020-04-09 09:54:40.359 DEBUG [springAppName_IS_UNDEFINED,,,] [ClassPathBeanDefinitionScanner] - Identified candidate component class: file [/media/alex/_dde_data/develop/workspace/jtiance/jexplorer/target/classes/com/tiance/jexplorer/component/NavigationBarNextButton.class] 
2020-04-09 09:54:40.362 DEBUG [springAppName_IS_UNDEFINED,,,] [ClassPathBeanDefinitionScanner] - Identified candidate component class: file [/media/alex/_dde_data/develop/workspace/jtiance/jexplorer/target/classes/com/tiance/jexplorer/component/NavigationBarPrevButton.class] 
2020-04-09 09:54:40.363 DEBUG [springAppName_IS_UNDEFINED,,,] [ClassPathBeanDefinitionScanner] - Identified candidate component class: file [/media/alex/_dde_data/develop/workspace/jtiance/jexplorer/target/classes/com/tiance/jexplorer/component/NavigationBarUpButton.class] 
2020-04-09 09:54:40.365 DEBUG [springAppName_IS_UNDEFINED,,,] [ClassPathBeanDefinitionScanner] - Identified candidate component class: file [/media/alex/_dde_data/develop/workspace/jtiance/jexplorer/target/classes/com/tiance/jexplorer/config/PreferenceConfig.class] 
2020-04-09 09:54:40.365 DEBUG [springAppName_IS_UNDEFINED,,,] [ClassPathBeanDefinitionScanner] - Identified candidate component class: file [/media/alex/_dde_data/develop/workspace/jtiance/jexplorer/target/classes/com/tiance/jexplorer/config/SizeConfig.class] 
2020-04-09 09:54:40.366 DEBUG [springAppName_IS_UNDEFINED,,,] [ClassPathBeanDefinitionScanner] - Identified candidate component class: file [/media/alex/_dde_data/develop/workspace/jtiance/jexplorer/target/classes/com/tiance/jexplorer/layout/ChiefBody.class] 
2020-04-09 09:54:40.367 DEBUG [springAppName_IS_UNDEFINED,,,] [ClassPathBeanDefinitionScanner] - Identified candidate component class: file [/media/alex/_dde_data/develop/workspace/jtiance/jexplorer/target/classes/com/tiance/jexplorer/layout/FileBlockBody.class] 
2020-04-09 09:54:40.368 DEBUG [springAppName_IS_UNDEFINED,,,] [ClassPathBeanDefinitionScanner] - Identified candidate component class: file [/media/alex/_dde_data/develop/workspace/jtiance/jexplorer/target/classes/com/tiance/jexplorer/layout/FileListBody.class] 
2020-04-09 09:54:40.368 DEBUG [springAppName_IS_UNDEFINED,,,] [ClassPathBeanDefinitionScanner] - Identified candidate component class: file [/media/alex/_dde_data/develop/workspace/jtiance/jexplorer/target/classes/com/tiance/jexplorer/layout/GeneralFolder.class] 
2020-04-09 09:54:40.369 DEBUG [springAppName_IS_UNDEFINED,,,] [ClassPathBeanDefinitionScanner] - Identified candidate component class: file [/media/alex/_dde_data/develop/workspace/jtiance/jexplorer/target/classes/com/tiance/jexplorer/layout/MainInterface.class] 
2020-04-09 09:54:40.370 DEBUG [springAppName_IS_UNDEFINED,,,] [ClassPathBeanDefinitionScanner] - Identified candidate component class: file [/media/alex/_dde_data/develop/workspace/jtiance/jexplorer/target/classes/com/tiance/jexplorer/layout/NavigationBar.class] 
2020-04-09 09:54:40.371 DEBUG [springAppName_IS_UNDEFINED,,,] [ClassPathBeanDefinitionScanner] - Identified candidate component class: file [/media/alex/_dde_data/develop/workspace/jtiance/jexplorer/target/classes/com/tiance/jexplorer/layout/NavigationPathBar.class] 
2020-04-09 09:54:40.371 DEBUG [springAppName_IS_UNDEFINED,,,] [ClassPathBeanDefinitionScanner] - Identified candidate component class: file [/media/alex/_dde_data/develop/workspace/jtiance/jexplorer/target/classes/com/tiance/jexplorer/menu/CommonMenuBar.class] 
2020-04-09 09:54:40.372 DEBUG [springAppName_IS_UNDEFINED,,,] [ClassPathBeanDefinitionScanner] - Identified candidate component class: file [/media/alex/_dde_data/develop/workspace/jtiance/jexplorer/target/classes/com/tiance/jexplorer/menu/FileMenu.class] 
2020-04-09 09:54:40.372 DEBUG [springAppName_IS_UNDEFINED,,,] [ClassPathBeanDefinitionScanner] - Identified candidate component class: file [/media/alex/_dde_data/develop/workspace/jtiance/jexplorer/target/classes/com/tiance/jexplorer/menu/SettingMenuItem.class] 
2020-04-09 09:54:44.913 INFO  [springAppName_IS_UNDEFINED,,,] [JexplorerApplication] - Started JexplorerApplication in 5.264 seconds (JVM running for 5.948) 
2020-04-09 09:54:45.225 INFO  [springAppName_IS_UNDEFINED,,,] [UI] - sizeConfig: null 
2020-04-09 09:54:59.033 INFO  [springAppName_IS_UNDEFINED,,,] [NavigationPathBar] - change path: /home/alex/Desktop 
2020-04-09 09:55:10.785 INFO  [springAppName_IS_UNDEFINED,,,] [NavigationPathBar] - change path: /home/alex 
2020-04-09 09:55:14.346 INFO  [springAppName_IS_UNDEFINED,,,] [NavigationPathBar] - change path: /home 
2020-04-09 09:55:31.753 INFO  [springAppName_IS_UNDEFINED,,,] [NavigationPathBar] - change path: / 
2020-04-09 09:55:36.352 INFO  [springAppName_IS_UNDEFINED,,,] [NavigationPathBar] - change path: /home/alex/Documents 
2020-04-09 09:55:43.859 INFO  [springAppName_IS_UNDEFINED,,,] [NavigationPathBar] - change path: /home/alex/Videos 
2020-04-09 09:55:47.956 INFO  [springAppName_IS_UNDEFINED,,,] [NavigationPathBar] - change path: /home/alex/Documents 
2020-04-09 09:55:54.233 INFO  [springAppName_IS_UNDEFINED,,,] [NavigationPathBar] - change path: / 
2020-04-09 09:56:00.451 INFO  [springAppName_IS_UNDEFINED,,,] [NavigationPathBar] - change path: /home/alex/Desktop 
2020-04-09 09:56:03.557 INFO  [springAppName_IS_UNDEFINED,,,] [NavigationPathBar] - change path: / 
2020-04-09 09:56:08.629 INFO  [springAppName_IS_UNDEFINED,,,] [NavigationPathBar] - change path: /home/alex/Downloads 
2020-04-09 09:56:10.523 INFO  [springAppName_IS_UNDEFINED,,,] [NavigationPathBar] - change path: /home/alex/Desktop 
2020-04-09 09:56:12.473 INFO  [springAppName_IS_UNDEFINED,,,] [NavigationPathBar] - change path: /home/alex/Downloads 
2020-04-09 09:56:13.871 INFO  [springAppName_IS_UNDEFINED,,,] [NavigationPathBar] - change path: / 
2020-04-09 09:56:20.249 INFO  [springAppName_IS_UNDEFINED,,,] [NavigationPathBar] - change path: /home/alex/Desktop 
2020-04-09 09:56:23.041 INFO  [springAppName_IS_UNDEFINED,,,] [NavigationPathBar] - change path: /home/alex/Downloads 
2020-04-09 09:56:24.693 INFO  [springAppName_IS_UNDEFINED,,,] [NavigationPathBar] - change path: /home/alex/Desktop 
2020-04-09 09:56:32.059 INFO  [springAppName_IS_UNDEFINED,,,] [NavigationPathBar] - change path: / 
2020-04-09 09:56:34.525 INFO  [springAppName_IS_UNDEFINED,,,] [NavigationPathBar] - change path: /home/alex/Pictures 
2020-04-09 09:56:35.165 INFO  [springAppName_IS_UNDEFINED,,,] [NavigationPathBar] - change path: /home/alex/baidunetdiskdownload 
2020-04-09 09:56:35.661 INFO  [springAppName_IS_UNDEFINED,,,] [NavigationPathBar] - change path: /home/alex/Pictures 
2020-04-09 09:56:35.891 INFO  [springAppName_IS_UNDEFINED,,,] [NavigationPathBar] - change path: /home/alex/Downloads 
2020-04-09 09:56:36.149 INFO  [springAppName_IS_UNDEFINED,,,] [NavigationPathBar] - change path: /home/alex/Videos 
2020-04-09 09:56:36.927 INFO  [springAppName_IS_UNDEFINED,,,] [NavigationPathBar] - change path: /home/alex/Music 
2020-04-09 09:56:43.099 INFO  [springAppName_IS_UNDEFINED,,,] [NavigationPathBar] - change path: /home/alex/Desktop 
2020-04-09 09:56:43.747 INFO  [springAppName_IS_UNDEFINED,,,] [NavigationPathBar] - change path: /home/alex/Downloads 
2020-04-09 09:56:44.135 INFO  [springAppName_IS_UNDEFINED,,,] [NavigationPathBar] - change path: /home/alex/Downloads 
2020-04-09 09:56:44.359 INFO  [springAppName_IS_UNDEFINED,,,] [NavigationPathBar] - change path: /home/alex/Desktop 
2020-04-09 09:56:44.533 INFO  [springAppName_IS_UNDEFINED,,,] [NavigationPathBar] - change path: /home/alex/Desktop 
2020-04-09 09:56:44.723 INFO  [springAppName_IS_UNDEFINED,,,] [NavigationPathBar] - change path: /home/alex/Documents 
2020-04-09 09:56:44.905 INFO  [springAppName_IS_UNDEFINED,,,] [NavigationPathBar] - change path: /home/alex/Videos 
2020-04-09 10:22:33.997 DEBUG [springAppName_IS_UNDEFINED,,,] [AnnotationConfigApplicationContext] - Closing org.springframework.context.annotation.AnnotationConfigApplicationContext@39d9314d, started on Thu Apr 09 09:54:40 CST 2020 
2020-04-09 10:24:31.386 INFO  [springAppName_IS_UNDEFINED,,,] [JexplorerApplication] - Starting JexplorerApplication on alex-PC with PID 27234 (/media/alex/_dde_data/develop/workspace/jtiance/jexplorer/target/classes started by alex in /media/alex/_dde_data/develop/workspace/jtiance/jexplorer) 
2020-04-09 10:24:31.388 DEBUG [springAppName_IS_UNDEFINED,,,] [JexplorerApplication] - Running with Spring Boot v2.2.6.RELEASE, Spring v5.2.5.RELEASE 
2020-04-09 10:24:31.389 INFO  [springAppName_IS_UNDEFINED,,,] [JexplorerApplication] - No active profile set, falling back to default profiles: default 
2020-04-09 10:24:31.455 DEBUG [springAppName_IS_UNDEFINED,,,] [AnnotationConfigApplicationContext] - Refreshing org.springframework.context.annotation.AnnotationConfigApplicationContext@223d2c72 
2020-04-09 10:24:31.554 DEBUG [springAppName_IS_UNDEFINED,,,] [ClassPathBeanDefinitionScanner] - Identified candidate component class: file [/media/alex/_dde_data/develop/workspace/jtiance/jexplorer/target/classes/com/tiance/jexplorer/UI.class] 
2020-04-09 10:24:31.556 DEBUG [springAppName_IS_UNDEFINED,,,] [ClassPathBeanDefinitionScanner] - Identified candidate component class: file [/media/alex/_dde_data/develop/workspace/jtiance/jexplorer/target/classes/com/tiance/jexplorer/component/NavigationBarNextButton.class] 
2020-04-09 10:24:31.558 DEBUG [springAppName_IS_UNDEFINED,,,] [ClassPathBeanDefinitionScanner] - Identified candidate component class: file [/media/alex/_dde_data/develop/workspace/jtiance/jexplorer/target/classes/com/tiance/jexplorer/component/NavigationBarPrevButton.class] 
2020-04-09 10:24:31.560 DEBUG [springAppName_IS_UNDEFINED,,,] [ClassPathBeanDefinitionScanner] - Identified candidate component class: file [/media/alex/_dde_data/develop/workspace/jtiance/jexplorer/target/classes/com/tiance/jexplorer/component/NavigationBarUpButton.class] 
2020-04-09 10:24:31.562 DEBUG [springAppName_IS_UNDEFINED,,,] [ClassPathBeanDefinitionScanner] - Identified candidate component class: file [/media/alex/_dde_data/develop/workspace/jtiance/jexplorer/target/classes/com/tiance/jexplorer/config/PreferenceConfig.class] 
2020-04-09 10:24:31.563 DEBUG [springAppName_IS_UNDEFINED,,,] [ClassPathBeanDefinitionScanner] - Identified candidate component class: file [/media/alex/_dde_data/develop/workspace/jtiance/jexplorer/target/classes/com/tiance/jexplorer/config/SizeConfig.class] 
2020-04-09 10:24:31.564 DEBUG [springAppName_IS_UNDEFINED,,,] [ClassPathBeanDefinitionScanner] - Identified candidate component class: file [/media/alex/_dde_data/develop/workspace/jtiance/jexplorer/target/classes/com/tiance/jexplorer/layout/ChiefBody.class] 
2020-04-09 10:24:31.565 DEBUG [springAppName_IS_UNDEFINED,,,] [ClassPathBeanDefinitionScanner] - Identified candidate component class: file [/media/alex/_dde_data/develop/workspace/jtiance/jexplorer/target/classes/com/tiance/jexplorer/layout/FileBlockBody.class] 
2020-04-09 10:24:31.566 DEBUG [springAppName_IS_UNDEFINED,,,] [ClassPathBeanDefinitionScanner] - Identified candidate component class: file [/media/alex/_dde_data/develop/workspace/jtiance/jexplorer/target/classes/com/tiance/jexplorer/layout/FileListBody.class] 
2020-04-09 10:24:31.566 DEBUG [springAppName_IS_UNDEFINED,,,] [ClassPathBeanDefinitionScanner] - Identified candidate component class: file [/media/alex/_dde_data/develop/workspace/jtiance/jexplorer/target/classes/com/tiance/jexplorer/layout/GeneralFolder.class] 
2020-04-09 10:24:31.567 DEBUG [springAppName_IS_UNDEFINED,,,] [ClassPathBeanDefinitionScanner] - Identified candidate component class: file [/media/alex/_dde_data/develop/workspace/jtiance/jexplorer/target/classes/com/tiance/jexplorer/layout/MainInterface.class] 
2020-04-09 10:24:31.568 DEBUG [springAppName_IS_UNDEFINED,,,] [ClassPathBeanDefinitionScanner] - Identified candidate component class: file [/media/alex/_dde_data/develop/workspace/jtiance/jexplorer/target/classes/com/tiance/jexplorer/layout/NavigationBar.class] 
2020-04-09 10:24:31.569 DEBUG [springAppName_IS_UNDEFINED,,,] [ClassPathBeanDefinitionScanner] - Identified candidate component class: file [/media/alex/_dde_data/develop/workspace/jtiance/jexplorer/target/classes/com/tiance/jexplorer/layout/NavigationPathBar.class] 
2020-04-09 10:24:31.569 DEBUG [springAppName_IS_UNDEFINED,,,] [ClassPathBeanDefinitionScanner] - Identified candidate component class: file [/media/alex/_dde_data/develop/workspace/jtiance/jexplorer/target/classes/com/tiance/jexplorer/menu/CommonMenuBar.class] 
2020-04-09 10:24:31.570 DEBUG [springAppName_IS_UNDEFINED,,,] [ClassPathBeanDefinitionScanner] - Identified candidate component class: file [/media/alex/_dde_data/develop/workspace/jtiance/jexplorer/target/classes/com/tiance/jexplorer/menu/FileMenu.class] 
2020-04-09 10:24:31.570 DEBUG [springAppName_IS_UNDEFINED,,,] [ClassPathBeanDefinitionScanner] - Identified candidate component class: file [/media/alex/_dde_data/develop/workspace/jtiance/jexplorer/target/classes/com/tiance/jexplorer/menu/SettingMenuItem.class] 
2020-04-09 10:24:32.312 INFO  [springAppName_IS_UNDEFINED,,,] [JexplorerApplication] - Started JexplorerApplication in 1.311 seconds (JVM running for 1.806) 
2020-04-09 10:24:32.533 INFO  [springAppName_IS_UNDEFINED,,,] [UI] - sizeConfig: null 
2020-04-09 10:24:34.128 DEBUG [springAppName_IS_UNDEFINED,,,] [AnnotationConfigApplicationContext] - Closing org.springframework.context.annotation.AnnotationConfigApplicationContext@223d2c72, started on Thu Apr 09 10:24:31 CST 2020 
2020-04-09 10:25:35.040 INFO  [springAppName_IS_UNDEFINED,,,] [JexplorerApplication] - Starting JexplorerApplication on alex-PC with PID 27973 (/media/alex/_dde_data/develop/workspace/jtiance/jexplorer/target/classes started by alex in /media/alex/_dde_data/develop/workspace/jtiance/jexplorer) 
2020-04-09 10:25:35.042 DEBUG [springAppName_IS_UNDEFINED,,,] [JexplorerApplication] - Running with Spring Boot v2.2.6.RELEASE, Spring v5.2.5.RELEASE 
2020-04-09 10:25:35.043 INFO  [springAppName_IS_UNDEFINED,,,] [JexplorerApplication] - No active profile set, falling back to default profiles: default 
2020-04-09 10:25:35.109 DEBUG [springAppName_IS_UNDEFINED,,,] [AnnotationConfigApplicationContext] - Refreshing org.springframework.context.annotation.AnnotationConfigApplicationContext@6cf0e0ba 
2020-04-09 10:25:35.203 DEBUG [springAppName_IS_UNDEFINED,,,] [ClassPathBeanDefinitionScanner] - Identified candidate component class: file [/media/alex/_dde_data/develop/workspace/jtiance/jexplorer/target/classes/com/tiance/jexplorer/UI.class] 
2020-04-09 10:25:35.204 DEBUG [springAppName_IS_UNDEFINED,,,] [ClassPathBeanDefinitionScanner] - Identified candidate component class: file [/media/alex/_dde_data/develop/workspace/jtiance/jexplorer/target/classes/com/tiance/jexplorer/component/NavigationBarNextButton.class] 
2020-04-09 10:25:35.207 DEBUG [springAppName_IS_UNDEFINED,,,] [ClassPathBeanDefinitionScanner] - Identified candidate component class: file [/media/alex/_dde_data/develop/workspace/jtiance/jexplorer/target/classes/com/tiance/jexplorer/component/NavigationBarPrevButton.class] 
2020-04-09 10:25:35.208 DEBUG [springAppName_IS_UNDEFINED,,,] [ClassPathBeanDefinitionScanner] - Identified candidate component class: file [/media/alex/_dde_data/develop/workspace/jtiance/jexplorer/target/classes/com/tiance/jexplorer/component/NavigationBarUpButton.class] 
2020-04-09 10:25:35.210 DEBUG [springAppName_IS_UNDEFINED,,,] [ClassPathBeanDefinitionScanner] - Identified candidate component class: file [/media/alex/_dde_data/develop/workspace/jtiance/jexplorer/target/classes/com/tiance/jexplorer/config/PreferenceConfig.class] 
2020-04-09 10:25:35.211 DEBUG [springAppName_IS_UNDEFINED,,,] [ClassPathBeanDefinitionScanner] - Identified candidate component class: file [/media/alex/_dde_data/develop/workspace/jtiance/jexplorer/target/classes/com/tiance/jexplorer/config/SizeConfig.class] 
2020-04-09 10:25:35.211 DEBUG [springAppName_IS_UNDEFINED,,,] [ClassPathBeanDefinitionScanner] - Identified candidate component class: file [/media/alex/_dde_data/develop/workspace/jtiance/jexplorer/target/classes/com/tiance/jexplorer/layout/ChiefBody.class] 
2020-04-09 10:25:35.213 DEBUG [springAppName_IS_UNDEFINED,,,] [ClassPathBeanDefinitionScanner] - Identified candidate component class: file [/media/alex/_dde_data/develop/workspace/jtiance/jexplorer/target/classes/com/tiance/jexplorer/layout/FileBlockBody.class] 
2020-04-09 10:25:35.213 DEBUG [springAppName_IS_UNDEFINED,,,] [ClassPathBeanDefinitionScanner] - Identified candidate component class: file [/media/alex/_dde_data/develop/workspace/jtiance/jexplorer/target/classes/com/tiance/jexplorer/layout/FileListBody.class] 
2020-04-09 10:25:35.213 DEBUG [springAppName_IS_UNDEFINED,,,] [ClassPathBeanDefinitionScanner] - Identified candidate component class: file [/media/alex/_dde_data/develop/workspace/jtiance/jexplorer/target/classes/com/tiance/jexplorer/layout/GeneralFolder.class] 
2020-04-09 10:25:35.214 DEBUG [springAppName_IS_UNDEFINED,,,] [ClassPathBeanDefinitionScanner] - Identified candidate component class: file [/media/alex/_dde_data/develop/workspace/jtiance/jexplorer/target/classes/com/tiance/jexplorer/layout/MainInterface.class] 
2020-04-09 10:25:35.215 DEBUG [springAppName_IS_UNDEFINED,,,] [ClassPathBeanDefinitionScanner] - Identified candidate component class: file [/media/alex/_dde_data/develop/workspace/jtiance/jexplorer/target/classes/com/tiance/jexplorer/layout/NavigationBar.class] 
2020-04-09 10:25:35.216 DEBUG [springAppName_IS_UNDEFINED,,,] [ClassPathBeanDefinitionScanner] - Identified candidate component class: file [/media/alex/_dde_data/develop/workspace/jtiance/jexplorer/target/classes/com/tiance/jexplorer/layout/NavigationPathBar.class] 
2020-04-09 10:25:35.216 DEBUG [springAppName_IS_UNDEFINED,,,] [ClassPathBeanDefinitionScanner] - Identified candidate component class: file [/media/alex/_dde_data/develop/workspace/jtiance/jexplorer/target/classes/com/tiance/jexplorer/menu/CommonMenuBar.class] 
2020-04-09 10:25:35.217 DEBUG [springAppName_IS_UNDEFINED,,,] [ClassPathBeanDefinitionScanner] - Identified candidate component class: file [/media/alex/_dde_data/develop/workspace/jtiance/jexplorer/target/classes/com/tiance/jexplorer/menu/FileMenu.class] 
2020-04-09 10:25:35.217 DEBUG [springAppName_IS_UNDEFINED,,,] [ClassPathBeanDefinitionScanner] - Identified candidate component class: file [/media/alex/_dde_data/develop/workspace/jtiance/jexplorer/target/classes/com/tiance/jexplorer/menu/SettingMenuItem.class] 
2020-04-09 10:25:35.858 INFO  [springAppName_IS_UNDEFINED,,,] [JexplorerApplication] - Started JexplorerApplication in 1.198 seconds (JVM running for 1.673) 
2020-04-09 10:25:36.091 INFO  [springAppName_IS_UNDEFINED,,,] [UI] - sizeConfig: null 
2020-04-09 10:25:37.912 INFO  [springAppName_IS_UNDEFINED,,,] [NavigationPathBar] - change path: /home/alex/Documents 
2020-04-09 10:25:39.317 INFO  [springAppName_IS_UNDEFINED,,,] [NavigationPathBar] - change path: /home/alex/Videos 
2020-04-09 10:25:41.407 INFO  [springAppName_IS_UNDEFINED,,,] [NavigationPathBar] - change path: /home/alex/Documents 
2020-04-09 10:25:42.701 INFO  [springAppName_IS_UNDEFINED,,,] [NavigationPathBar] - change path: /home/alex 
2020-04-09 10:25:46.263 INFO  [springAppName_IS_UNDEFINED,,,] [NavigationPathBar] - change path: /home/alex/Downloads 
2020-04-09 10:25:49.011 INFO  [springAppName_IS_UNDEFINED,,,] [NavigationPathBar] - change path: /home/alex 
2020-04-09 10:25:51.657 INFO  [springAppName_IS_UNDEFINED,,,] [NavigationPathBar] - change path: /home 
2020-04-09 10:25:52.693 INFO  [springAppName_IS_UNDEFINED,,,] [NavigationPathBar] - change path: / 
2020-04-09 10:25:56.073 INFO  [springAppName_IS_UNDEFINED,,,] [NavigationPathBar] - change path: /home/alex/Pictures 
2020-04-09 10:25:56.637 INFO  [springAppName_IS_UNDEFINED,,,] [NavigationPathBar] - change path: /home/alex/Downloads 
2020-04-09 10:25:58.723 INFO  [springAppName_IS_UNDEFINED,,,] [NavigationPathBar] - change path: /home/alex/Pictures 
2020-04-09 10:26:00.299 INFO  [springAppName_IS_UNDEFINED,,,] [NavigationPathBar] - change path: / 
2020-04-09 10:26:01.839 INFO  [springAppName_IS_UNDEFINED,,,] [NavigationPathBar] - change path: /home/alex/Pictures 
2020-04-09 10:26:02.623 INFO  [springAppName_IS_UNDEFINED,,,] [NavigationPathBar] - change path: /home/alex/Pictures/截图 
2020-04-09 10:28:19.820 DEBUG [springAppName_IS_UNDEFINED,,,] [AnnotationConfigApplicationContext] - Closing org.springframework.context.annotation.AnnotationConfigApplicationContext@6cf0e0ba, started on Thu Apr 09 10:25:35 CST 2020 
